<?xml version="1.0" encoding="UTF-8"?>
<!-- Generated by org.testng.reporters.JUnitReportReporter -->
<testsuite hostname="5nroor063" failures="0" tests="1" name="tests.LoginTest" time="38.450" errors="0" timestamp="2024-07-01T19:18:43 OESZ" skipped="0">
  <testcase classname="tests.LoginTest" name="validLogin" time="38.450"/>
  <system-out/>
</testsuite> <!-- tests.LoginTest -->
