<?xml version="1.0" encoding="UTF-8"?>
<!-- Generated by org.testng.reporters.JUnitReportReporter -->
<testsuite hostname="5nroor063" failures="0" tests="1" name="tests.LoginTest" time="33.066" errors="0" timestamp="2024-06-27T21:40:14 OESZ" skipped="0">
  <testcase classname="tests.LoginTest" name="validLogin" time="33.066"/>
  <system-out/>
</testsuite> <!-- tests.LoginTest -->
